<?xml version="1.0" encoding="UTF-8"?>
<robot generator="Robot 3.1.2 (Python 3.7.3 on win32)" generated="20190711 20:04:43.829" rpa="false">
<suite id="s1" name="Test" source="G:\_work\_program\_home_work\python\robotframework\test.robot">
<test id="s1-t1" name="My Test">
<kw name="Log" library="BuiltIn">
<doc>Logs the given message with the given level.</doc>
<arguments>
<arg>${MESSAGE}</arg>
</arguments>
<msg timestamp="20190711 20:04:43.872" level="INFO">Hello, world!</msg>
<status status="PASS" starttime="20190711 20:04:43.871" endtime="20190711 20:04:43.872"></status>
</kw>
<kw name="My Keyword">
<arguments>
<arg>/tmp</arg>
</arguments>
<kw name="Directory Should Exist" library="OperatingSystem">
<doc>Fails unless the given path points to an existing directory.</doc>
<arguments>
<arg>${path}</arg>
</arguments>
<msg timestamp="20190711 20:04:43.873" level="INFO" html="yes">Directory '&lt;a href="file://G:\tmp"&gt;G:\tmp&lt;/a&gt;' exists.</msg>
<status status="PASS" starttime="20190711 20:04:43.872" endtime="20190711 20:04:43.873"></status>
</kw>
<status status="PASS" starttime="20190711 20:04:43.872" endtime="20190711 20:04:43.873"></status>
</kw>
<doc>Example test</doc>
<status status="PASS" starttime="20190711 20:04:43.871" endtime="20190711 20:04:43.874" critical="yes"></status>
</test>
<test id="s1-t2" name="Another Test">
<kw name="Should Be Equal" library="BuiltIn">
<doc>Fails if the given objects are unequal.</doc>
<arguments>
<arg>${MESSAGE}</arg>
<arg>Hello, world!</arg>
</arguments>
<status status="PASS" starttime="20190711 20:04:43.876" endtime="20190711 20:04:43.876"></status>
</kw>
<status status="PASS" starttime="20190711 20:04:43.875" endtime="20190711 20:04:43.877" critical="yes"></status>
</test>
<doc>Example using the space separated plain text format.</doc>
<status status="PASS" starttime="20190711 20:04:43.831" endtime="20190711 20:04:43.878"></status>
</suite>
<statistics>
<total>
<stat pass="2" fail="0">Critical Tests</stat>
<stat pass="2" fail="0">All Tests</stat>
</total>
<tag>
</tag>
<suite>
<stat pass="2" fail="0" id="s1" name="Test">Test</stat>
</suite>
</statistics>
<errors>
</errors>
</robot>
